         -6.7817607423     -7.62022484698     -7.62022484376
        -6.71376032417     -7.62017717848     -7.62017717415
        -6.69710592399     -7.62022233063     -7.62022233619
        -6.71480469252     -7.60415199201     -7.60415198625
        -6.74714407989     -7.62022746591     -7.62022747068
         -6.6937593809     -7.62022833053     -7.62022833337
         -6.7540806257     -7.62018765589     -7.62018766249
         -6.6751473846     -7.62022752474      -7.6202275294
        -6.74010372732     -7.61880308663     -7.61880309254
        -6.66944574013     -7.62021795275     -7.62021794643
        -6.79154352935     -7.62022601778     -7.62022601718
        -6.85496326968     -7.62022748096     -7.62022748799
        -6.80300106806       -7.620220236     -7.62022023624
        -6.78085270275     -7.62022789981     -7.62022790394
        -6.74774485413     -7.62022823296     -7.62022823774
        -6.76736968697     -7.61203424221     -7.61203424798
        -6.78512969267     -7.61195862286     -7.61195862524
        -6.70772510689     -7.62022692234     -7.62022692359
        -6.67615685252     -7.62022778034     -7.62022778456
        -6.78505191709     -7.60258496612     -7.60258496824
        -6.81070904606      -7.5989943018     -7.59899429759
         -6.6241168212     -7.61198555366     -7.61198555978
        -6.76480232143     -7.61341465216     -7.61341465538
        -6.77447483822     -7.61197464374     -7.61197464973
        -6.76874693138     -7.60338063328     -7.60338062657
        -6.68698653089     -7.60292297275      -7.6029229779
         -6.7282104446      -7.6029183398     -7.60291834739
        -6.80315841046     -7.60275437079     -7.60275437786
        -6.73958202757     -7.60292113921     -7.60292113878
        -6.79193182884     -7.60293000874     -7.60293001191
         -6.7439822688      -7.6029302884     -7.60293029178
        -6.70276921427      -7.6029040362     -7.60290403077
        -6.69261744887      -7.6029200929     -7.60292009618
        -6.81137784196     -7.61745335038     -7.61745335192
          -6.746530088     -7.61744287949     -7.61744287842
        -6.70771027448      -7.6172293619     -7.61722935641
        -6.75886933763     -7.60290939603     -7.60290940319
         -6.7564782111     -7.60292575277      -7.6029257539
        -6.79895136074     -7.60288532057     -7.60288532406
        -6.75427020897     -7.60291307253      -7.6029130669
         -6.7964377888     -7.61743265719     -7.61743266388
        -6.70293336827     -7.61744935122     -7.61744935165
        -6.73945515554     -7.60292972223     -7.60292972597
        -6.72678343448     -7.61740610992     -7.61740611362
          -6.697279669     -7.61745422581     -7.61745423328
        -6.74270605401     -7.61741993236     -7.61741992536
        -6.68411860775     -7.61359020739     -7.61359020795
         -6.7439034507      -7.6173643331     -7.61736433699
        -6.73178897808     -7.61725153525     -7.61725152779
        -6.66850842026     -7.60187856028     -7.60187855324
        -6.69235488134     -7.61586967888     -7.61586967395
        -6.69189844342     -7.60226285348     -7.60226285847
        -6.66733530066     -7.60317247415     -7.60317247546
        -6.61302679079     -7.60293807118     -7.60293806946
        -6.69146403272     -7.60291008917     -7.60291008386
        -6.73461490272     -7.60292217955     -7.60292217436
        -6.73838026398     -7.60293399999     -7.60293400317
        -6.73537121754     -7.60289657436     -7.60289656895
        -6.79219473143     -7.60312981228     -7.60312981657
        -6.73334649139     -7.60290183795      -7.6029018356
        -6.69418008713     -7.60279339534     -7.60279340135
        -6.69231715924     -7.61722101551     -7.61722101715
        -6.71112891614     -7.60303171685     -7.60303171056
        -6.72384640002     -7.60294574552     -7.60294574976
        -6.70191994291     -7.60317677467     -7.60317677906
        -6.71937520541     -7.60317008269     -7.60317007604
        -6.68087409771     -7.60315757482     -7.60315757902
        -6.71050010982      -7.5978083005     -7.59780830029
        -6.69573690242     -7.60310739911     -7.60310739532
        -6.67244794814     -7.60288903206     -7.60288903502
        -6.72791417256      -7.6020619425     -7.60206194035
        -6.65830729893     -7.60317739641      -7.6031773968
        -6.74522370365     -7.59777628144      -7.5977762802
        -6.63005836371     -7.59779035004     -7.59779035119
        -6.66802517542     -7.59716477032     -7.59716477221
        -6.74116060805     -7.59777337659     -7.59777337838
        -6.68263079823     -7.60331310855     -7.60331311421
        -6.65902711514      -7.6031588106     -7.60315880748
        -6.68409012293     -7.59433025893     -7.59433026337
        -6.70243684434     -7.59433474796     -7.59433475094
        -6.66280125859     -7.59431779875     -7.59431779419
        -6.71471159286     -7.59433041892     -7.59433041477
        -6.70915041697     -7.59433231798     -7.59433232443
        -6.59330258705     -7.59431506387     -7.59431506536
        -6.56324559181     -7.59433328476     -7.59433328469
        -6.58084548747     -7.59430366001     -7.59430366084
         -6.5778959603     -7.59431953032     -7.59431952754
        -6.62756362721     -7.59433535325     -7.59433535846
        -6.70858408758     -7.59628698326     -7.59628698798
        -6.70477898378     -7.59628183969     -7.59628184466
        -6.69324504476     -7.59628982353     -7.59628983034
        -6.77159046694     -7.59629137347     -7.59629138074
        -6.73695889846       -7.595195221     -7.59519521807
        -6.70138946962     -7.59521016269     -7.59521016937
        -6.75614895172     -7.59766177817     -7.59766178562
        -6.69989928928     -7.59100912311      -7.5910091244
        -6.68687932433     -7.59521535429     -7.59521536128
        -6.64408563112     -7.59766175604     -7.59766176214
        -6.72454371525     -7.59781147095     -7.59781147646
        -6.67261654486      -7.5976642283     -7.59766422647
        -6.73414542944     -7.59766171987     -7.59766172085
        -6.71415540923     -7.59750239169     -7.59750239029
        -6.72523442841     -7.59763993491     -7.59763993925
        -6.68526168586     -7.59776248187     -7.59776247925
        -6.67083633878     -7.59780048068     -7.59780047939
        -6.70067615715      -7.5976734145     -7.59767342081
        -6.73858441241     -7.59777159706     -7.59777160283
        -6.75322660524     -7.59779900474     -7.59779900954
        -6.75090819638     -7.59768391211     -7.59768390638
         -6.7165848366     -7.59952571315      -7.5995257094
        -6.74828028428     -7.59949559147     -7.59949559189
        -6.67924917416     -7.59942214114     -7.59942214312
         -6.6909649572      -7.5978101333     -7.59781014075
        -6.81047280747     -7.59776913655     -7.59776912948
        -6.79177078264     -7.59781192693     -7.59781193231
        -6.70978521012      -7.5977678592     -7.59776785544
        -6.73991079522     -7.59778285454     -7.59778284953
        -6.71419120198     -7.59939259469      -7.5993925936
        -6.75696829814     -7.59944583271     -7.59944583048
        -6.72207186422      -7.5976819333     -7.59768192677
        -6.70990727126     -7.59934188675     -7.59934188463
         -6.6177498494     -7.59772344553     -7.59772345177
        -6.70124648305     -7.59943303579     -7.59943303395
        -6.73532927673     -7.60074371307     -7.60074371234
          -6.691027257     -7.60074777673     -7.60074777993
        -6.70991152962     -7.60074673534     -7.60074674242
        -6.67636430697     -7.60075549443     -7.60075550062
        -6.69686093536     -7.59941248464     -7.59941248986
        -6.68039266303     -7.59940279362     -7.59940279706
        -6.62381568218     -7.59948043272     -7.59948042759
        -6.67102247054     -7.59955042764     -7.59955042738
        -6.70676921034     -7.59953613499       -7.599536136
        -6.77690326979     -7.59944926807     -7.59944927358
         -6.7224523098     -7.59672426904     -7.59672427634
         -6.7133840586      -7.5995735596     -7.59957355981
        -6.68649563942     -7.60252030781     -7.60252031492
          -6.728536991     -7.59946495389     -7.59946495419
        -6.71072786877      -7.6025001482     -7.60250015027
         -6.7965358099     -7.60249956974     -7.60249957429
        -6.75139699852     -7.60766103134     -7.60766103705
        -6.75473125536     -7.60756988518     -7.60756989224
        -6.80951369462     -7.60767279079     -7.60767278901
        -6.76350705194     -7.60764079281     -7.60764078548
        -6.64791594749     -7.58812103161     -7.58812103574
         -6.6456894066     -7.59779059689     -7.59779059476
         -6.6626967904      -7.5881238766     -7.58812388401
         -6.6777103218     -7.60766912384     -7.60766912845
        -6.65905673551     -7.60766786597     -7.60766786215
        -6.71109130214     -7.58794640113     -7.58794640775
        -6.69705207565     -7.58793029372      -7.5879302924
        -6.75047577298     -7.60248393458     -7.60248392976
        -6.70548643151     -7.60075309987     -7.60075309403
        -6.69096806167      -7.6077682306     -7.60776823694
        -6.71601558261     -7.60267776237     -7.60267776622
        -6.67536109499     -7.60265900356     -7.60265899733
        -6.74591739341      -7.6077632895     -7.60776328712
        -6.71887411897     -7.60782864507      -7.6078286519
        -6.76696704002     -7.60775638924     -7.60775639311
        -6.78806855715      -7.6077360216     -7.60773602824
        -6.79383831461     -7.60783273402     -7.60783273291
         -6.7037005333     -7.60771543074     -7.60771543157
        -6.71499168989     -7.60785665764     -7.60785666436
        -6.71134929809     -7.60785073662     -7.60785074292
         -6.7031356787     -7.60783959193     -7.60783959613
        -6.71204104168     -7.60776183196     -7.60776183193
        -6.68502507627      -7.5968658498     -7.59686584671
        -6.71747655955      -7.6078569133     -7.60785691619
        -6.71529438027     -7.60786292313     -7.60786292979
        -6.70702415001     -7.60785227641     -7.60785227799
        -6.72890729556     -7.60785485983     -7.60785485389
        -6.71515645436     -7.60786370674     -7.60786370783
        -6.61822488932     -7.60779938022     -7.60779938079
         -6.6422961557     -7.60782834234     -7.60782833947
        -6.72900668203     -7.60783669421     -7.60783669518
        -6.77515620895     -7.60075229073     -7.60075229712
        -6.75438578357     -7.60784575068     -7.60784575808
        -6.74580818756     -7.60273936228     -7.60273936967
        -6.71309298593     -7.60265886156     -7.60265885802
        -6.73195045658     -7.60249621135     -7.60249620505
        -6.68221586247     -7.60254970186     -7.60254970772
        -6.80037441803     -7.60246780465     -7.60246780235
        -6.70985686856     -7.60249008676     -7.60249008254
        -6.67322520612     -7.60275660835     -7.60275660963
        -6.71682982388     -7.60270879533     -7.60270879563
        -6.67987132498      -7.6024935348     -7.60249353863
         -6.7634060707     -7.60271586232     -7.60271586603
        -6.69917005985     -7.60266552591     -7.60266552418
        -6.73210008514     -7.59679579252     -7.59679579504
        -6.72941486347     -7.60248685489     -7.60248685327
        -6.75552521163      -7.6024282398     -7.60242824563
        -6.67475068712     -7.60247940232     -7.60247939789
        -6.75590689298     -7.60269534134     -7.60269534003
        -6.70390800448     -7.60256413117     -7.60256412682
         -6.7315433537     -7.60256858438     -7.60256858982
        -6.71565136265     -7.59263766189     -7.59263765662
        -6.63210538638     -7.59260738099     -7.59260738612
        -6.66561223399      -7.5890656476     -7.58906564159
        -6.71192359321     -7.59266454572     -7.59266454973
        -6.74978680253     -7.59263981518     -7.59263981132
        -6.71284909321     -7.58876375446      -7.5887637564
        -6.79483323611     -7.59268102308      -7.5926810266
        -6.77918366402     -7.59267936737     -7.59267937418
        -6.79186173356     -7.59267305732     -7.59267306049
        -6.78102982638      -7.5926781721     -7.59267817459
        -6.71493780494     -7.59261218901     -7.59261219624
        -6.71899485886      -7.5926773339     -7.59267734049
         -6.8074558397     -7.59268177381     -7.59268178085
        -6.74027594093     -7.59267532668     -7.59267533419
        -6.78850215804     -7.59267905713     -7.59267906178
        -6.65326681406      -7.5926211208     -7.59262111604
        -6.76517797238     -7.59248928598     -7.59248928931
        -6.72823150911     -7.60252557372     -7.60252556963
        -6.75090747665     -7.58839268401     -7.58839267678
        -6.76060058083     -7.59266430411      -7.5926643067
        -6.69970323012      -7.6027218163     -7.60272182303
        -6.64276339633     -7.59267257668     -7.59267257351
        -6.74815163887     -7.59265777426     -7.59265777646
        -6.71483489402     -7.59253267872     -7.59253267502
        -6.75609442161     -7.59267834216     -7.59267834909
        -6.60625419676     -7.60270861886     -7.60270861177
         -6.6559411165      -7.6078249844     -7.60782499104
        -6.71519854411      -7.6077848371     -7.60778483715
        -6.65062746821     -7.60784201143     -7.60784201073
        -6.66847711689     -7.58403037383     -7.58403036691
        -6.74843156703     -7.60775636421     -7.60775636823
        -6.65579215579     -7.60785112462        -7.60785113
        -6.72833089342     -7.61351579766     -7.61351580185
        -6.73620106157     -7.60783061477     -7.60783062155
        -6.75690088494     -7.58883544432     -7.58883544397
        -6.72167892306     -7.59202875679     -7.59202875103
        -6.71790412289      -7.6078516889     -7.60785168498
        -6.71332119682     -7.60621702641     -7.60621702896
         -6.7091683104     -7.61350831984     -7.61350831243
        -6.75356808451     -7.60776914114     -7.60776914288
         -6.7336332934     -7.61534028861     -7.61534028489
        -6.72995272329     -7.61082699262     -7.61082699806
        -6.77059464362     -7.61081024334     -7.61081023693
        -6.76073414296     -7.61080167898     -7.61080168217
        -6.65725402373     -7.60778741246     -7.60778741667
        -6.61149900296     -7.60621370866     -7.60621371577
        -6.73233193386     -7.60776443468     -7.60776444112
        -6.72028168347      -7.6078609888     -7.60786099528
        -6.70309808056     -7.59023861627      -7.5902386237
        -6.71482926515     -7.59025252374     -7.59025252798
        -6.74167978085     -7.58986599893     -7.58986599629
         -6.7847151661     -7.59027713026     -7.59027713417
        -6.82026759264     -7.59023984566     -7.59023985138
        -6.77228190341     -7.58949315242     -7.58949315252
        -6.70810544027      -7.6078405477     -7.60784054415
        -6.72478476365     -7.60783895279     -7.60783895155
        -6.72090973212       -7.588552265     -7.58855227125
        -6.72716720779     -7.58780004889     -7.58780005532
        -6.71663714594     -7.60782877548      -7.6078287746
        -6.71362402294     -7.60627989976      -7.6062799023
         -6.6747273924     -7.58897456104     -7.58897455638
        -6.73099138715     -7.60764020402     -7.60764020376
        -6.68070059834     -7.60782350742     -7.60782350233
        -6.69410320965     -7.61370551323     -7.61370551751
        -6.73557673359     -7.60785739193     -7.60785739625
        -6.78083704291     -7.61382482147     -7.61382482286
        -6.73958863402     -7.61381948238     -7.61381948752
        -6.70707310536     -7.61371585545      -7.6137158616
        -6.78928410617     -7.58156222488     -7.58156221833
        -6.73542529083     -7.61048221649     -7.61048222286
        -6.70310785706     -7.60073304163     -7.60073303844
        -6.76218804081     -7.61049644801     -7.61049644348
        -6.73693050432      -7.6007553404     -7.60075534695
        -6.74284139178     -7.60073037656     -7.60073037027
        -6.76423633213     -7.60075580131     -7.60075579786
        -6.63305091719      -7.6007541021     -7.60075409588
        -6.63961162695     -7.61009974034     -7.61009974674
        -6.62893682044     -7.58758169968     -7.58758170332
        -6.68609344628     -7.60070304749     -7.60070305175
        -6.73036525252     -7.60076023219     -7.60076023876
        -6.62703408465     -7.60075977454     -7.60075977754
        -6.70189698579     -7.58226069779     -7.58226069984
        -6.69537998929     -7.60075023117       -7.600750238
        -6.67811050056     -7.60075292085     -7.60075292611
        -6.68188279619     -7.60074889807     -7.60074890502
        -6.76387698133     -7.60072026669     -7.60072026014
        -6.72772721037     -7.60074735797     -7.60074736179
        -6.71663695184     -7.60076073584     -7.60076074047
        -6.72111319312     -7.60067734687     -7.60067734545
        -6.70203932681     -7.60075247322     -7.60075247079
        -6.69526644815     -7.60062547655     -7.60062547559
        -6.73231373187     -7.60072507582     -7.60072507652
        -6.69583224287     -7.60068195638     -7.60068195447
        -6.65833573311     -7.58143653443     -7.58143652957
        -6.75677238573      -7.6007514935     -7.60075150042
        -6.66315863383      -7.6007512509     -7.60075124718
        -6.72809775075      -7.6007481217     -7.60074811491
         -6.6550767455     -7.60074309908     -7.60074310564
          -6.746082078     -7.60074011859     -7.60074011672
        -6.72862028231      -7.6006907738     -7.60069077152
        -6.74117300492     -7.59158604007     -7.59158604152
        -6.77835473209     -7.60075491222      -7.6007549172
        -6.73921577134     -7.60075882101     -7.60075882786
        -6.70043952002     -7.60074360032     -7.60074359995
        -6.63920370544     -7.60054482452     -7.60054482922
        -6.73235428753     -7.60075022916     -7.60075022189
        -6.70921505223     -7.60765695248     -7.60765695859
        -6.82200937183     -7.60784235819     -7.60784235562
          -6.734881091     -7.58888157599     -7.58888158226
         -6.7350637013     -7.59744294704     -7.59744295267
        -6.71331113794     -7.60738010694     -7.60738010699
        -6.71322017712     -7.60763057076     -7.60763056737
        -6.70622038166     -7.58850256488     -7.58850256363
        -6.59804418989     -7.58891503369     -7.58891503617
         -6.6813420105     -7.60783812372     -7.60783812233
        -6.73630777396     -7.60785803688      -7.6078580423
        -6.72920621004     -7.60738406003     -7.60738406316
        -6.74952779598     -7.59023040405     -7.59023040945
        -6.75710769825     -7.59807964289     -7.59807963536
        -6.73050302404     -7.60784887559     -7.60784887442
        -6.80770222631     -7.59255192888     -7.59255193636
        -6.72520881758     -7.60741088992     -7.60741089562
        -6.66818140336     -7.60747308414     -7.60747308227
         -6.7098996644     -7.60785663275     -7.60785663834
        -6.67317518287     -7.60785815144     -7.60785814516
        -6.65039878643     -7.60764007296     -7.60764006568
        -6.68613633738     -7.58786503189     -7.58786503881
        -6.72502863942     -7.60680107478     -7.60680106795
        -6.63049729772      -7.6068278358     -7.60682784146
        -6.57907915504     -7.60682540538     -7.60682540968
        -6.71187336374     -7.60747508958     -7.60747509272
        -6.76643287596     -7.60682111357     -7.60682111825
        -6.69502869794     -7.60761400448     -7.60761399916
        -6.70070280532     -7.59791191829     -7.59791192489
        -6.63422096308     -7.60784672423     -7.60784673175
        -6.75814450695     -7.60786253023     -7.60786253563
        -6.73856307074     -7.60785380885     -7.60785381047
        -6.64543957894     -7.60785995126     -7.60785994942
        -6.76094107824     -7.60783033742      -7.6078303302
        -6.74166881075     -7.60756811191     -7.60756810718
        -6.80312392483     -7.60784391885     -7.60784392323
        -6.69028947565     -7.59696368372     -7.59696367833
         -6.6470018819     -7.60781945033     -7.60781945255
        -6.70399196389     -7.60746576562     -7.60746576976
        -6.67243093519     -7.59812296089     -7.59812295989
         -6.6026030569     -7.60766509497     -7.60766510156
        -6.62110803775     -7.60764816948     -7.60764817142
         -6.7181022725     -7.60765236555     -7.60765235972
        -6.71071176885     -7.60761022631     -7.60761021919
        -6.67536390209     -7.59711225643     -7.59711225294
        -6.76721982134     -7.59830657704     -7.59830657633
        -6.72698448597     -7.59807428015     -7.59807428053
        -6.73102701123     -7.60760336467     -7.60760336194
        -6.71276840493     -7.59280055934     -7.59280055314
        -6.72431510108     -7.60786198229     -7.60786198812
        -6.74536230354     -7.60767279692     -7.60767280258
        -6.64090651671     -7.60766431975     -7.60766432589
        -6.72774761642      -7.6074639511      -7.6074639485
        -6.64015830853     -7.60785831352     -7.60785831108
        -6.70659539378     -7.60786351484     -7.60786352236
        -6.74651389257     -7.60786246106     -7.60786246299
         -6.6953822629     -7.59877973427     -7.59877972862
        -6.71963940187     -7.60782943387     -7.60782943349
        -6.65323348046     -7.58685166618     -7.58685166965
        -6.70501505888     -7.59583663635     -7.59583664269
        -6.68027690411     -7.60738564886     -7.60738565082
        -6.71655675615     -7.60749561233     -7.60749561018
        -6.73836530253      -7.5873838151       -7.587383817
        -6.70831941466     -7.60616715246     -7.60616715902
        -6.66663923967     -7.60674590295     -7.60674589673
        -6.70231329585     -7.59582298543     -7.59582299142
        -6.73310816243     -7.59583243407     -7.59583242667
        -6.72412538485     -7.59581698926     -7.59581699464
        -6.70362120276      -7.5773033844     -7.57730339048
        -6.66771933591     -7.57737740965     -7.57737741351
        -6.71160440976     -7.57730292471     -7.57730292998
        -6.71966929252     -7.57730503548     -7.57730504295
        -6.74775616881     -7.57730343952     -7.57730344688
        -6.71521741773     -7.57737265509     -7.57737265844
        -6.67913474635     -7.58725746157     -7.58725746081
        -6.67225079577     -7.57735395043      -7.5773539507
        -6.68107663087     -7.57725931619     -7.57725931896
        -6.74616090273     -7.57738006311     -7.57738006097
        -6.66001628047     -7.58618407172     -7.58618406639
        -6.65522204561     -7.58618875975     -7.58618876635
        -6.65741724766     -7.58618399952     -7.58618400205
        -6.64230968557     -7.58617303937      -7.5861730431
        -6.73457398895     -7.58619768457     -7.58619768908
        -6.71895701636     -7.58619409894     -7.58619410389
        -6.65404591104     -7.58616967396      -7.5861696811
        -6.68586717576     -7.58032614951     -7.58032615299
        -6.67520233069      -7.5861669055     -7.58616689829
        -6.63383973347     -7.58613998068     -7.58613997583
        -6.64682534543     -7.58618587803     -7.58618587701
        -6.70627603946     -7.58619544273     -7.58619544907
        -6.74453743351     -7.58570217838     -7.58570217333
        -6.68586869334     -7.57661654039     -7.57661654753
         -6.7846616838     -7.58566097337     -7.58566096749
        -6.73585603266     -7.58619987133     -7.58619987874
        -6.71560575489     -7.58571700625     -7.58571700844
        -6.68735563021     -7.57660659559     -7.57660659385
        -6.71527632737     -7.57652742999     -7.57652742717
        -6.74282734236      -7.5766142034     -7.57661420767
        -6.78824921664     -7.58729930115     -7.58729929592
        -6.78416046946     -7.57370157602      -7.5737015829
        -6.73159286814     -7.60679099725     -7.60679100295
        -6.62267552695     -7.60765752475     -7.60765753026
        -6.67243558545     -7.59785648412     -7.59785647745
        -6.69551998525     -7.60759961078     -7.60759960979
        -6.60587368812     -7.59825605077     -7.59825605567
        -6.63040664821     -7.58735048794     -7.58735048337
        -6.70791031998     -7.58684836266     -7.58684836642
        -6.72902024065     -7.57366822978     -7.57366823403
        -6.61497752517     -7.57659474015     -7.57659474049
        -6.57943798368     -7.57389597572     -7.57389597291
        -6.64616599509     -7.57375072375       -7.573750728
         -6.6342615803     -7.57363892316     -7.57363892378
        -6.70025986539     -7.58732740275     -7.58732740487
        -6.71553061531     -7.59235296269     -7.59235295712
        -6.74517597205     -7.59261422399     -7.59261422418
        -6.64994279031     -7.59047110268     -7.59047110948
        -6.68808153024     -7.59237151941     -7.59237152636
        -6.61245307339     -7.59237291138     -7.59237291752
         -6.7201102371     -7.59237216851     -7.59237217317
        -6.71278337705     -7.58784738515     -7.58784737844
        -6.69365186746     -7.58729068089     -7.58729068835
        -6.64767002155     -7.57656449806     -7.57656449563
        -6.72600844657     -7.57373544072     -7.57373543759
        -6.71601376711     -7.57360855267     -7.57360855469
        -6.79380824879      -7.5735674157     -7.57356741347
        -6.71286893626     -7.57356119029     -7.57356118286
        -6.68966169887     -7.57661025063     -7.57661025568
         -6.7090674271     -7.57327848289     -7.57327848524
         -6.6711067014     -7.57362607636     -7.57362607406
        -6.68932988302     -7.57365857012      -7.5736585666
        -6.68755896737     -7.57355748438     -7.57355749083
        -6.63451751294     -7.60679691116     -7.60679690542
        -6.70495110546     -7.57670880789     -7.57670880492
        -6.71297395814     -7.60674008312     -7.60674007918
        -6.70949903367     -7.57659921407     -7.57659921262
        -6.67790471641     -7.57730886372      -7.5773088659
        -6.70564460401     -7.58704442629     -7.58704442997
        -6.67450191059     -7.58789348955     -7.58789349667
        -6.72996546331     -7.60680484428     -7.60680485188
         -6.7745353748     -7.60677392527     -7.60677392215
         -6.7149231385     -7.60655545726     -7.60655545698
         -6.7075150744     -7.60681851219     -7.60681851131
         -6.7042810288      -7.6067436498     -7.60674364238
        -6.74375430073     -7.60681874211     -7.60681874922
        -6.71999564682     -7.60681484374     -7.60681484809
        -6.77748953839     -7.60666658465     -7.60666659012
        -6.74498785904      -7.6067522802     -7.60675228067
        -6.68572040877     -7.60188124991     -7.60188124407
         -6.7214592133     -7.60662429771     -7.60662429468
        -6.78219055076     -7.60680841703     -7.60680841675
        -6.66186124714     -7.59345611242      -7.5934561058
        -6.70945136391     -7.60482297504     -7.60482298189
        -6.72089497701      -7.6076727192     -7.60767272654
        -6.74393068203     -7.60740037119     -7.60740037534
        -6.66278671938     -7.59294980235     -7.59294980009
        -6.68497326854     -7.60732425212     -7.60732424952
        -6.80206612049     -7.60764670604     -7.60764670846
        -6.76965874278     -7.60766958356     -7.60766958017
        -6.73556163921     -7.60767096595     -7.60767097342
        -6.76449771679     -7.60767128148       -7.607671288
        -6.72237070373     -7.60766091999     -7.60766092624
        -6.66838140273     -7.60746225286     -7.60746225051
        -6.72060233139     -7.60669512797     -7.60669512197
        -6.70478313108     -7.60649299317     -7.60649299181
        -6.78692900551     -7.60766915394     -7.60766915421
        -6.77687012121     -7.60762806927     -7.60762806622
        -6.71782621091     -7.60767062135      -7.6076706286
        -6.75699177228     -7.58327441032     -7.58327441652
        -6.81422549812     -7.60767395081     -7.60767395277
        -6.76507836792      -7.6076722192     -7.60767222533
         -6.7862099188     -7.60767214053     -7.60767214504
        -6.75345042273     -7.60767230731     -7.60767230934
        -6.77885696007     -7.60751687986     -7.60751687232
        -6.73052927239     -7.60744997892     -7.60744997996
        -6.71141106278     -7.60763959781     -7.60763959824
         -6.6659045529     -7.60767336082      -7.6076733664
        -6.67283864089     -7.60764165907     -7.60764166058
        -6.68841542041     -7.60766610058     -7.60766610191
        -6.71672437383     -7.60765523848     -7.60765523938
        -6.78625055571     -7.60744718317      -7.6074471852
        -6.67666147196     -7.60766986494     -7.60766985759
        -6.72880184735      -7.6076699996     -7.60767000534
        -6.76220580592     -7.60767384496     -7.60767384266
        -6.82267481315     -7.60766913259     -7.60766913615
        -6.80137984108      -7.6076557276     -7.60765572591
        -6.72145180941      -7.6076734372      -7.6076734377
        -6.68555527158      -7.6076660771     -7.60766607133
        -6.61859051991      -7.6076692078     -7.60766921041
        -6.69506475687     -7.60763653905     -7.60763653543
        -6.71184783956     -7.60767372408     -7.60767372789
        -6.70700053469     -7.60767299198     -7.60767299201
        -6.72833859147      -7.6008067992     -7.60080680429
        -6.78256049298     -7.60065597562     -7.60065597331
        -6.69412770199       -7.607666651     -7.60766665856
        -6.76106028033     -7.60733054574      -7.6073305475
        -6.78631193145     -7.60766936275     -7.60766936175
        -6.79956102208     -7.60096068377     -7.60096067874
        -6.73012406515     -7.60089627474     -7.60089628018
        -6.76733258213     -7.60121000266     -7.60121000289
        -6.75824916657     -7.60109319999     -7.60109320082
        -6.74068854258     -7.60767130795     -7.60767131537
        -6.66830329387     -7.60049141599     -7.60049142227
        -6.73288924906     -7.60074913052     -7.60074913491
        -6.69885013239     -7.60135927636     -7.60135927978
         -6.7237396979     -7.60767108469     -7.60767108938
        -6.77176347202     -7.60077592249     -7.60077591508
        -6.68614586458     -7.60098850193     -7.60098850749
        -6.64285238457     -7.60045297407     -7.60045297645
        -6.70891661471     -7.60042019094     -7.60042019056
        -6.68355458315     -7.60767102539     -7.60767102621
        -6.73842431397     -7.60766256872     -7.60766256461
        -6.72764056897     -7.60096202192     -7.60096201556
        -6.70552520088     -7.60239973372     -7.60239972733
        -6.64583076674     -7.60045829008     -7.60045829526
        -6.72624871062     -7.60110135497     -7.60110135205
        -6.73448191566     -7.60100833754     -7.60100833846
         -6.7425510189     -7.60766058857     -7.60766058738
        -6.71355317718     -7.60106895886     -7.60106895276
        -6.76188340448     -7.60266702215     -7.60266702615
        -6.72216275189     -7.60785431422     -7.60785431855
        -6.73255808537     -7.60353624481     -7.60353624318
        -6.64474124142     -7.60354129857     -7.60354129853
        -6.73882908443     -7.60283231977     -7.60283232163
        -6.66383740985     -7.60260128612     -7.60260128597
         -6.6377875834      -7.6010376821     -7.60103768003
        -6.69763716963     -7.60052563803     -7.60052564254
        -6.63494158035     -7.60269003528     -7.60269002938
        -6.70219264205     -7.60172638052     -7.60172638189
        -6.73518196429     -7.60019235715     -7.60019236297
        -6.81529104322     -7.60280669482     -7.60280669587
         -6.7658517707     -7.60080653775     -7.60080654321
        -6.72122108943     -7.59304553009     -7.59304552952
        -6.70907983365     -7.59309034228     -7.59309033685
        -6.68159323458     -7.59307864358     -7.59307864828
           -6.74321547     -7.59822864252     -7.59822863793
        -6.68805157265     -7.59310746202     -7.59310746678
        -6.67801905938     -7.58025325106     -7.58025325348
        -6.66954843659     -7.58026138802     -7.58026138504
        -6.73041199355     -7.59268677228     -7.59268676618
        -6.66410161818     -7.59307865011     -7.59307865486
        -6.71699104308     -7.59307381502     -7.59307382199
        -6.70259046456     -7.59302994883     -7.59302994784
        -6.69253980596      -7.5891413587     -7.58914135508
        -6.75647009678       -7.607222939     -7.60722294518
        -6.65145124119     -7.59309802399     -7.59309803068
        -6.72378762814     -7.59310440656     -7.59310439978
        -6.71981047728     -7.59309597917     -7.59309597635
        -6.64875792506     -7.58024508509     -7.58024508261
        -6.60458405342     -7.58026168707     -7.58026168349
        -6.59878709642     -7.58673987786     -7.58673988424
        -6.63284272377     -7.58024127487     -7.58024127149
         -6.6005714171     -7.58742204623     -7.58742205355
        -6.62423729512     -7.58021412326     -7.58021412079
        -6.58265989214     -7.58017171568     -7.58017172014
        -6.69597286467     -7.59924672618     -7.59924673045
         -6.6273230945     -7.57191047887     -7.57191048513
         -6.6095681339      -7.5719288542     -7.57192885651
        -6.68319222909      -7.5672484498     -7.56724845646
        -6.75255297038     -7.56268257238     -7.56268256997
          -6.676284423     -7.56672311418     -7.56672310916
        -6.66951015364     -7.56262477185     -7.56262477711
        -6.64768426282     -7.56351490696     -7.56351491333
        -6.71998452088     -7.59871414676     -7.59871415275
        -6.70461692495      -7.5841804091     -7.58418040916
        -6.68185020358     -7.58385135582     -7.58385135958
        -6.61110904016     -7.57591383765     -7.57591383929
         -6.6973677338     -7.56800037157     -7.56800036768
        -6.66457564719     -7.58697940678     -7.58697940809
        -6.60150539508     -7.57520912788     -7.57520913072
        -6.64786332181     -7.57671177569     -7.57671177774
        -6.62958145936     -7.56152734768     -7.56152734465
        -6.64412658765     -7.56146415142     -7.56146414456
        -6.61245617399     -7.55339560503     -7.55339560911
        -6.59264509771      -7.5915524258     -7.59155242115
        -6.66667219271     -7.58328981648      -7.5832898195
        -6.66477722545     -7.58351654066     -7.58351654593
        -6.73713340741     -7.57865412346     -7.57865412255
        -6.62987348462     -7.58323849262     -7.58323849936
        -6.69675870097     -7.58326471469     -7.58326470808
        -6.67982395426     -7.58324314608     -7.58324315084
        -6.78744981351     -7.57879410927     -7.57879411333
        -6.72824757518     -7.58075021989     -7.58075022524
        -6.71474058243     -7.58439666997     -7.58439667218
        -6.63651731763     -7.58320748323     -7.58320748631
        -6.66836574484     -7.58437290504     -7.58437289796
        -6.70028637787     -7.58683499764     -7.58683500155
        -6.72484193822     -7.58352716946     -7.58352716986
        -6.68245510036     -7.59522779136     -7.59522779482
        -6.66649774356     -7.59513225207     -7.59513225678
        -6.76619452038     -7.59540805376     -7.59540806021
        -6.69415104725     -7.59536092066      -7.5953609169
        -6.74617783167     -7.59534443591     -7.59534443949
        -6.76272581433     -7.59540051082     -7.59540051549
        -6.69139721686     -7.59515380277     -7.59515380051
        -6.76309281817     -7.59510742824     -7.59510742912
         -6.7453257949     -7.59539475076     -7.59539475299
        -6.73908552279     -7.59518909961     -7.59518909203
         -6.7398179005     -7.59521313672     -7.59521313185
        -6.77155817457     -7.59534750343     -7.59534750957
         -6.6683165875      -7.5953905268     -7.59539052519
        -6.73195600357     -7.59522878966     -7.59522878338
        -6.62514043494     -7.59540476345     -7.59540476921
        -6.68662710506      -7.5952274768     -7.59522747525
        -6.76283586059     -7.59518331608      -7.5951833224
         -6.7180465945     -7.59523446275     -7.59523445713
        -6.69957367551      -7.5951570886     -7.59515709267
        -6.66963082042     -7.59516575916     -7.59516575973
        -6.70099464863     -7.59540404862     -7.59540405299
        -6.65314687149      -7.5953315343     -7.59533153643
        -6.71805796791     -7.59518833062     -7.59518833018
        -6.63801537288     -7.58233892841     -7.58233893025
         -6.6920140328     -7.59163029571     -7.59163029695
        -6.73268145995     -7.59163221079     -7.59163221748
        -6.70872989182     -7.59540203095     -7.59540203842
        -6.72721952366     -7.59518781885     -7.59518782525
        -6.72521545254     -7.59537811102     -7.59537810697
        -6.68270073543     -7.59520158498     -7.59520158148
        -6.67973691256       -7.595158829     -7.59515883061
        -6.65761424534     -7.59529626443     -7.59529626129
        -6.59265493522     -7.59515863796     -7.59515863731
        -6.69008314001     -7.59528250471     -7.59528251076
        -6.69838114579     -7.59525425451     -7.59525425676
        -6.71200911514     -7.59533494808     -7.59533494414
        -6.66695586171     -7.59536878196      -7.5953687769
        -6.71970879962     -7.59508498525     -7.59508498835
        -6.66800743555     -7.59538480357     -7.59538480163
        -6.72337726913     -7.59530917413     -7.59530917312
        -6.74290834273     -7.59521684656      -7.5952168506
        -6.75974566889     -7.59541101293     -7.59541101836
        -6.79703890581     -7.59538342569     -7.59538342804
        -6.70998432648     -7.59531640993     -7.59531640718
         -6.7218993122      -7.5954067157     -7.59540671615
        -6.72556411688     -7.59538327866      -7.5953832859
        -6.72504686278     -7.59535291244     -7.59535290818
        -6.77710587045     -7.59540396226     -7.59540396804
        -6.75334640402     -7.59521849994     -7.59521850083
        -6.71028714615      -7.5953774612     -7.59537746685
        -6.69618544189     -7.59527789721     -7.59527790049
        -6.59382476524     -7.59528777133     -7.59528776893
         -6.6708777142     -7.59501792849     -7.59501793345
        -6.69704785015     -7.59537665944     -7.59537666388
        -6.64874050949     -7.59529622193     -7.59529621948
        -6.68415136352     -7.59540257581      -7.5954025818
         -6.7450582377     -7.59537678383     -7.59537678299
        -6.74388288596     -7.59515639133     -7.59515639378
         -6.7162966988      -7.5951218261     -7.59512183278
          -6.795645679     -7.59533715754     -7.59533715544
        -6.72158827998     -7.59535450045     -7.59535449779
        -6.73471977714     -7.59522618977      -7.5952261936
        -6.71656355355     -7.59525058539     -7.59525058972
        -6.58400429749     -7.59519302787     -7.59519302129
        -6.66972599485      -7.5952178512       -7.595217854
        -6.66367880229     -7.59518018609     -7.59518017948
         -6.6975242451     -7.59512843376     -7.59512843213
        -6.67973143498     -7.59416977868     -7.59416978155
        -6.64450214079     -7.57907979278     -7.57907979267
        -6.71555115107     -7.58501340591     -7.58501340124
        -6.76303289694     -7.58500698841     -7.58500699224
        -6.69421088225     -7.58501077476     -7.58501077604
        -6.67335223548     -7.59523335006     -7.59523334491
        -6.67316447739     -7.58717216243      -7.5871721617
        -6.68366456899     -7.57702344562     -7.57702345189
         -6.6708200177     -7.58722899189     -7.58722899485
        -6.76588408647     -7.57706546645     -7.57706546835
        -6.73208115896     -7.57703736358     -7.57703736193
        -6.71721248912     -7.59523383727     -7.59523384198
        -6.69278214785     -7.57707833961      -7.5770783385
        -6.77980073353     -7.57702944645     -7.57702944039
         -6.7119749925     -7.58428579664     -7.58428579715
        -6.70129541523     -7.58430511494     -7.58430511765
        -6.70138347167     -7.58752822041     -7.58752822712
        -6.68709867317     -7.58680257292      -7.5868025752
          -6.718163249     -7.58428465622     -7.58428465545
        -6.68043233183     -7.58427468529     -7.58427468913
         -6.6781020018     -7.58430277371     -7.58430277761
        -6.68021626715     -7.58429514049     -7.58429514417
        -6.61189621487     -7.58430269696     -7.58430270175
        -6.67282443655     -7.58424977501     -7.58424976893
        -6.70766185407     -7.58668624952     -7.58668624511
        -6.66689712581      -7.5859542041     -7.58595421003
        -6.75764278589     -7.58725591132      -7.5872559143
         -6.6871674372     -7.58429761415     -7.58429761888
        -6.65055333329     -7.58425020413     -7.58425020344
        -6.68048958623     -7.58429620132     -7.58429620546
        -6.66891294944     -7.58427231736     -7.58427231675
        -6.69800807764     -7.58429742801     -7.58429742409
        -6.76185583819     -7.58427833666     -7.58427833389
        -6.71919714568     -7.58420773254     -7.58420772687
        -6.70099588774     -7.58430157697     -7.58430158224
        -6.68265054696     -7.58720257547     -7.58720257242
          -6.709470385       -7.587263658     -7.58726366539
        -6.71670518782     -7.58717830455     -7.58717831185
        -6.73958998642     -7.58713753494     -7.58713754068
        -6.72726839409     -7.58694567739     -7.58694567015
        -6.74458699968     -7.58711338237     -7.58711338869
        -6.71013725707     -7.58709980367     -7.58709980143
        -6.77449631339     -7.58716124783     -7.58716124865
        -6.71492942189     -7.58714502506     -7.58714502028
          -6.688580107     -7.58719407797     -7.58719407236
        -6.73576878873     -7.58725225438     -7.58725226173
        -6.76110049399     -7.58700478969     -7.58700478688
        -6.71469326971      -7.5871326679     -7.58713266419
        -6.65250124236     -7.58703143229      -7.5870314315
        -6.60222435799     -7.58693307875      -7.5869330734
        -6.67645982829     -7.58713893025     -7.58713892817
        -6.70725363247     -7.58717693035     -7.58717693597
        -6.68701182693     -7.58717008411     -7.58717007797
        -6.63067302011      -7.5871323301     -7.58713233486
        -6.73568151056     -7.58713384395     -7.58713384944
        -6.64245242059     -7.58715089493     -7.58715090207
        -6.63051945238     -7.58718422816     -7.58718422413
        -6.74480785266     -7.58718620024     -7.58718620177
        -6.72008247096     -7.58706127801      -7.5870612797
        -6.75094122619     -7.58673930547     -7.58673930052
        -6.62829878795     -7.58716917534     -7.58716918117
        -6.63033249616     -7.58705547597     -7.58705548095
        -6.61444225951     -7.58908529576     -7.58908529207
        -6.64890098636     -7.58908297077     -7.58908296462
        -6.76707827439     -7.58689187514     -7.58689187844
        -6.72979889864     -7.58704224863     -7.58704224796
        -6.66969017528     -7.58716394628     -7.58716394081
        -6.70089773167     -7.58709685242     -7.58709685903
        -6.66679125047     -7.58715449698     -7.58715449556
        -6.65304311506     -7.58713681562     -7.58713682095
        -6.68634215013     -7.58717486643     -7.58717487286
        -6.66867416733     -7.58642194812     -7.58642195112
        -6.60765906508     -7.58717722307     -7.58717722795
        -6.75199166994     -7.58717548098     -7.58717548159
        -6.67508038808     -7.58715013196     -7.58715013362
        -6.60583594308     -7.58714859881     -7.58714860617
        -6.73118552202     -7.58715612903      -7.5871561327
        -6.75026181849     -7.58724935924     -7.58724936308
         -6.7587846991     -7.58715058498      -7.5871505924
        -6.78163270279     -7.58732665732     -7.58732666313
        -6.83456559455     -7.58719925746     -7.58719926029
        -6.80867203045     -7.58718831652     -7.58718832057
        -6.77158804043     -7.58372734206     -7.58372734448
        -6.67255618215     -7.58721406524     -7.58721406218
        -6.73053141129     -7.58725804229     -7.58725804516
        -6.74558053234     -7.58718423925     -7.58718424543
        -6.72815009053     -7.58429090621      -7.5842908989
        -6.71549374836     -7.58430002828      -7.5843000336
        -6.68939000198     -7.58712806205     -7.58712806836
        -6.68944867488     -7.58714678022     -7.58714678126
        -6.74627406781     -7.58716191159     -7.58716191863
        -6.75579231684     -7.57685432714     -7.57685432951
        -6.70461907199     -7.58752824676     -7.58752824462
        -6.72308614374     -7.58418954538     -7.58418954349
        -6.74355010117     -7.58430154082     -7.58430154754
        -6.73720859336     -7.58430454627     -7.58430455077
         -6.7146283136     -7.58415911611      -7.5841591168
        -6.72950065064     -7.58425173648     -7.58425174282
        -6.71074279314     -7.58631726666     -7.58631726957
        -6.71542018216     -7.58430321818     -7.58430322549
         -6.6949301624     -7.58429688711     -7.58429688535
        -6.77245515892     -7.58750500132      -7.5875050089
        -6.66922343039     -7.58430238882     -7.58430238787
        -6.81704681666     -7.58423795722     -7.58423795861
        -6.67162485985       -7.574672941     -7.57467293417
        -6.67177319689     -7.58428231272     -7.58428230997
        -6.67570719048      -7.5751176923     -7.57511769883
        -6.69736166447      -7.5747424326     -7.57474243801
        -6.67444315324     -7.57519540117     -7.57519540371
        -6.64915796993     -7.57453295539     -7.57453296261
        -6.69811589647     -7.57977191386     -7.57977190807
        -6.71834253021     -7.58721546735     -7.58721546941
        -6.65401257933     -7.58718820649      -7.5871882055
        -6.69285222765      -7.5872155092     -7.58721550608
        -6.71490565536     -7.58371146101     -7.58371146737
         -6.6476823258     -7.58428095662     -7.58428096403
        -6.66442693305     -7.58403854064     -7.58403853772
        -6.66246531625      -7.5872363088     -7.58723631503
        -6.71250044301     -7.58725463119     -7.58725462575
        -6.66526708306     -7.58420574297     -7.58420573852
        -6.63579888485     -7.58721338216     -7.58721338954
        -6.68814415576     -7.58752209736     -7.58752210446
        -6.72750815378     -7.58699270689     -7.58699270564
        -6.71351579489     -7.58025176571     -7.58025175909
        -6.75794919468     -7.58727936945     -7.58727936869
         -6.6601920202     -7.58715062616     -7.58715062825
        -6.62693915375     -7.58715400269     -7.58715400936
        -6.62415255897     -7.58720819944      -7.5872082024
        -6.76494614431     -7.58722407188     -7.58722407019
         -6.7386767552     -7.58721425345     -7.58721424974
        -6.73661916837     -7.58722235142     -7.58722234985
        -6.74140672319     -7.58715016668     -7.58715016094
        -6.73665241911     -7.58719191672     -7.58719192349
        -6.65594856987     -7.58718986077     -7.58718986769
        -6.60640173283     -7.58715593306     -7.58715593077
        -6.65803374916     -7.58714294119     -7.58714294382
        -6.71928842589     -7.58714664279     -7.58714663687
        -6.69136045611     -7.58723267947     -7.58723267859
        -6.71725066385      -7.5872008643     -7.58720087168
        -6.70461902794     -7.58678910749     -7.58678910839
         -6.7386745205     -7.58715194863     -7.58715194163
        -6.74185999606     -7.58715233745     -7.58715234336
        -6.75546379961     -7.58715805544     -7.58715806141
         -6.6443642303     -7.58717959002     -7.58717959494
        -6.66039475856     -7.58713656581     -7.58713657237
        -6.60423518599     -7.58796717628     -7.58796716892
        -6.64827483357     -7.59888684698     -7.59888684896
          -6.659265425     -7.58714089305     -7.58714089172
        -6.59048108418     -7.58908935376     -7.58908935836
        -6.63967103305     -7.58908062779     -7.58908063095
        -6.66880070827     -7.58717767563     -7.58717768275
        -6.75440869317     -7.58711121466      -7.5871112204
        -6.69846496613     -7.58702241447      -7.5870224095
         -6.7047458933     -7.58713576962     -7.58713577257
        -6.71065165263     -7.58715210439     -7.58715209905
        -6.69815157692     -7.58717915208     -7.58717915752
        -6.71406069405     -7.58717716372     -7.58717716944
         -6.7191505787     -7.58714191112     -7.58714190687
        -6.74663188628     -7.58686350559     -7.58686350733
        -6.77793543433     -7.58907366009     -7.58907365412
        -6.66663738475     -7.58901330892     -7.58901331006
        -6.68649396055       -7.584839776       -7.584839778
        -6.67500193533      -7.5835009016     -7.58350090261
         -6.6609800298     -7.58829640636     -7.58829641356
        -6.59729678271     -7.58830338269     -7.58830338977
        -6.73647807336     -7.58830419071     -7.58830419215
        -6.64842256962     -7.58359155888     -7.58359156549
        -6.68766098947     -7.58092090336     -7.58092091027
        -6.65757904767     -7.58354300259     -7.58354300245
        -6.67887180536     -7.58334044296     -7.58334044128
        -6.69041048072     -7.57911311173     -7.57911311391
        -6.72305109177     -7.58830633961     -7.58830634019
        -6.74255043821     -7.58334751211     -7.58334751485
        -6.76603399867     -7.58830364525     -7.58830365279
        -6.79871706019     -7.58829403943     -7.58829403888
        -6.76653675973     -7.58332522079     -7.58332521969
        -6.81888401463     -7.58347792302     -7.58347792209
        -6.74273299324       -7.583334021     -7.58333402007
         -6.6190593852     -7.58120779615     -7.58120779178
        -6.69755868343     -7.58105779381     -7.58105779072
        -6.69982038815     -7.58108911362     -7.58108911655
        -6.66046624638     -7.57941506641     -7.57941506399
        -6.67191898178     -7.58120586378     -7.58120586045
          -6.709687251     -7.58112924919     -7.58112925336
        -6.65054517797     -7.58118231667     -7.58118232061
        -6.59792208302     -7.58116145048     -7.58116144764
        -6.76298787867     -7.58123045667     -7.58123045958
        -6.63256568309     -7.58114813776     -7.58114813783
        -6.63432266215     -7.58121939499     -7.58121939388
        -6.72618789626     -7.58123748431     -7.58123749122
        -6.71135926826     -7.58421546959      -7.5842154683
        -6.67692059826     -7.57481444939     -7.57481444583
        -6.67381521781     -7.58389889832     -7.58389889249
        -6.72148812436      -7.5838103056     -7.58381030116
        -6.72776347046     -7.58379729308     -7.58379729956
        -6.77425896161     -7.57028883818       -7.570288845
         -6.7158812878     -7.57037032202     -7.57037032425
        -6.73675455072     -7.57031537147     -7.57031537221
        -6.65103389621      -7.5703685835     -7.57036858712
        -6.68075683636     -7.57565615306     -7.57565615288
        -6.71615036268     -7.57464208577     -7.57464208117
        -6.74194270084     -7.57473497439     -7.57473496924
        -6.78820397597      -7.5747816023     -7.57478160115
        -6.74823103047     -7.57524212817     -7.57524213364
        -6.66824409857     -7.59050512579     -7.59050512763
        -6.69224907261     -7.58458208395     -7.58458208139
         -6.6718169422      -7.5746132597      -7.5746132592
        -6.69109759261     -7.59082558304     -7.59082558218
        -6.68739178956     -7.59115815434     -7.59115815752
        -6.71186571663     -7.59370876868     -7.59370877407
        -6.72695201986     -7.57461111373     -7.57461111235
        -6.63266690418     -7.59696082475     -7.59696082587
        -6.74083121988     -7.59800964749      -7.5980096513
        -6.74391039498     -7.59695490722     -7.59695490659
        -6.70658797401     -7.59337076161      -7.5933707601
         -6.7069703306     -7.59327003957     -7.59327003833
        -6.72504668864     -7.59996118555     -7.59996117963
        -6.71748828921     -7.59670936651     -7.59670935901
        -6.71632358786     -7.60181075524     -7.60181074978
        -6.72876252864     -7.59208446827     -7.59208447284
        -6.74920621185     -7.59210972096     -7.59210972566
        -6.71585697014     -7.59212651539     -7.59212651925
        -6.66952200434     -7.60182534646      -7.6018253506
        -6.73661462283     -7.59212133817     -7.59212134263
        -6.69953492697     -7.60099174077      -7.6009917389
        -6.74570895278     -7.60182313664     -7.60182314214
        -6.82117743979     -7.60181221185     -7.60181221066
        -6.69378165915     -7.60179036603     -7.60179036393
        -6.73156922646     -7.60189834058     -7.60189833716
        -6.71008610112     -7.60180920194     -7.60180920107
         -6.7517888719     -7.59562320188     -7.59562320126
        -6.68639228641     -7.59783447645     -7.59783447581
        -6.67819989102     -7.59949558428     -7.59949558088
        -6.71683859124     -7.59953945324      -7.5995394498
        -6.76470513722     -7.59952924993     -7.59952925388
        -6.81043771683      -7.5930026933     -7.59300269912
        -6.74046742832     -7.59955081201     -7.59955080503
        -6.65940131254     -7.59955282724      -7.5995528328
        -6.73460515393     -7.59832486128     -7.59832486302
        -6.70968744046     -7.59833554992     -7.59833555642
        -6.75122686679     -7.59832954919     -7.59832955522
        -6.78293250374     -7.59819401893     -7.59819402302
        -6.72693101511     -7.59455198088     -7.59455197924
        -6.78679403491     -7.59821663368     -7.59821663938
        -6.75895066242     -7.58358446452      -7.5835844706
        -6.69129790763     -7.58353687592     -7.58353687139
        -6.71992039804     -7.58353861724     -7.58353861996
        -6.68835798631     -7.58359973086     -7.58359973506
        -6.67383165346     -7.59667767116      -7.5966776767
        -6.76702073597     -7.60294364254     -7.60294364558
        -6.70647679684     -7.58349661399      -7.5834966199
        -6.75566049189     -7.58352202995     -7.58352203472
        -6.65736638217     -7.58360272382     -7.58360273034
        -6.72232052935     -7.58352351798     -7.58352352235
        -6.66534203891      -7.5966654661     -7.59666545973
        -6.75590639889     -7.58782468147      -7.5878246837
        -6.66891991109     -7.58356135507     -7.58356135782
        -6.72229798364     -7.58360283987     -7.58360284609
        -6.64874953968     -7.60293593409     -7.60293593986
         -6.7077623463     -7.59667512391     -7.59667512872
        -6.70566111124     -7.59664783292      -7.5966478295
        -6.74355316439     -7.59401842499     -7.59401842064
        -6.74233245999     -7.59667794321     -7.59667794825
          -6.751325761     -7.59081639381     -7.59081639693
        -6.70395406722     -7.58218783456     -7.58218783199
        -6.59121473395     -7.59087677274     -7.59087677488
        -6.74338448765      -7.5908735706     -7.59087357766
         -6.6537495748     -7.59705286471     -7.59705286575
        -6.68008279002     -7.58151559038     -7.58151558731
         -6.6031165963     -7.59084726573     -7.59084726616
        -6.71397764373     -7.59795237278     -7.59795237907
        -6.76662233522     -7.57689718212     -7.57689718188
        -6.77070539893     -7.60068619774     -7.60068619191
         -6.7063761505     -7.59795418714     -7.59795419405
        -6.74207277269     -7.59795206407     -7.59795206891
        -6.77481439837     -7.59658846631     -7.59658846758
        -6.69308780134     -7.59795272834     -7.59795273389
         -6.7340730972     -7.59794593991      -7.5979459327
        -6.76626049266     -7.59089499865     -7.59089499386
        -6.79328103116     -7.59761973896     -7.59761974439
        -6.76822937174     -7.59795113984     -7.59795113928
        -6.71132422703     -7.59795259236     -7.59795259594
        -6.67340505813     -7.59822569922     -7.59822570247
        -6.66748547332     -7.58359533612     -7.58359534256
        -6.69033347916     -7.59794221529     -7.59794221689
          -6.704644772     -7.60294334705     -7.60294334854
        -6.72642750167     -7.59795013729     -7.59795013971
        -6.75577712796     -7.59795331834     -7.59795332586
        -6.70359035477     -7.59793393111     -7.59793393706
        -6.79074666682     -7.59789562518      -7.5978956209
        -6.70613857269     -7.59118565623     -7.59118566127
        -6.73987761507     -7.59092750846     -7.59092751266
        -6.74330397075     -7.59795358634     -7.59795359303
        -6.77182137638     -7.59795322957     -7.59795323639
         -6.6606838572     -7.59092051683     -7.59092051375
         -6.7279173156     -7.59021873519     -7.59021873552
        -6.72984057746     -7.59795278608     -7.59795279277
        -6.71532128747     -7.59794925576     -7.59794925863
        -6.74246711498     -7.58312580845     -7.58312581596
        -6.71740226981     -7.59794594547     -7.59794595238
        -6.73993692012     -7.58872913174     -7.58872912771
        -6.70785561396      -7.5979542793     -7.59795428668
        -6.68571248953     -7.59794459893     -7.59794460114
        -6.74679243872     -7.59794858001     -7.59794858664
        -6.75468786871     -7.59795269331      -7.5979526992
        -6.79424933191     -7.59795335025     -7.59795335456
        -6.74810786729     -7.59573495846     -7.59573495738
        -6.70892959014     -7.61414038857     -7.61414039544
        -6.79375057833     -7.61412693113     -7.61412693706
        -6.70379327592     -7.61413038626     -7.61413039241
        -6.71199658463     -7.59386366366     -7.59386366589
        -6.71852278074     -7.60294230811      -7.6029423137
        -6.70599840764     -7.58360159606     -7.58360159928
        -6.66919796259     -7.60294261451     -7.60294261285
        -6.68375751488     -7.60294315103     -7.60294314729
        -6.68763757839     -7.60294267688     -7.60294268412
        -6.69260852147     -7.60293721208     -7.60293720517
        -6.69378356478     -7.58359076076     -7.58359075566
        -6.66154549748     -7.61412442113     -7.61412441419
        -6.63539380424     -7.59212256724      -7.5921225652
        -6.70480747256     -7.58358445077     -7.58358445187
        -6.67560224229     -7.58360921105     -7.58360920944
        -6.73220435268     -7.58360177679     -7.58360178014
        -6.68086978788     -7.58359211488     -7.58359211942
        -6.68926957389     -7.59333912074     -7.59333912784
        -6.74158972869     -7.60294301154     -7.60294300602
        -6.69500172379     -7.60293926262     -7.60293926323
        -6.62858386496     -7.60077280699      -7.6007728085
        -6.75616357225     -7.60294143515     -7.60294143283
        -6.78520896074     -7.61413547985     -7.61413548256
        -6.73259040923     -7.60294338014     -7.60294338566
        -6.70878611525     -7.60294299038     -7.60294299719
        -6.72777519545     -7.60294292263     -7.60294292983
        -6.74211078441     -7.59075165872     -7.59075165215
        -6.70062946515     -7.60294297675     -7.60294298214
         -6.7262936567      -7.5937648537     -7.59376484765
        -6.71891872757      -7.6001469635     -7.60014696084
        -6.68389180781     -7.61412415821     -7.61412416532
        -6.70908069641     -7.61413601838     -7.61413602352
        -6.69437040122     -7.61411985093     -7.61411985111
        -6.73441642292     -7.61412191055     -7.61412191607
         -6.7339449431     -7.61413403337     -7.61413403293
        -6.73290674528     -7.61413825902     -7.61413825169
        -6.71478636934     -7.59791059483     -7.59791060114
        -6.69483475323     -7.61413284428     -7.61413285074
        -6.76712621092     -7.59369152605     -7.59369152142
